<?xml version="1.0" encoding="UTF-8"?>
<!-- Generated by org.testng.reporters.JUnitReportReporter -->
<testsuite hostname="LAPTOP-V86D6NKR" name="com.qa.tests.testNGBasics" tests="1" failures="0" timestamp="18 Mar 2019 16:19:45 GMT" time="0.002" errors="0">
  <testcase name="checktitle" time="0.002" classname="com.qa.tests.testNGBasics"/>
</testsuite> <!-- com.qa.tests.testNGBasics -->
